<?xml version="1.0" encoding="utf-8"?><testsuites name="pytest tests"><testsuite name="pytest" errors="0" failures="1" skipped="0" tests="16" time="6.962" timestamp="2026-08-04T18:12:29.461026+00:00" hostname="agent-env-3e24c298-7a05-43d8-a9ec-89b3441b20a2"><testcase classname="tests.test_iteration10_deletion_admin_regression.TestHealthAndCatalog" name="test_products_ok" time="0.171" /><testcase classname="tests.test_iteration10_deletion_admin_regression.TestHealthAndCatalog" name="test_categories_ok" time="0.272" /><testcase classname="tests.test_iteration10_deletion_admin_regression.TestHealthAndCatalog" name="test_editorials_ok" time="0.087" /><testcase classname="tests.test_iteration10_deletion_admin_regression.TestAuthUserFlow" name="test_signup_login_me" time="1.441" /><testcase classname="tests.test_iteration10_deletion_admin_regression.TestRazorpay" name="test_orders_create_live" time="1.370" /><testcase classname="tests.test_iteration10_deletion_admin_regression.TestRazorpay" name="test_verify_hmac_success" time="0.342" /><testcase classname="tests.test_iteration10_deletion_admin_regression.TestRazorpay" name="test_verify_hmac_idempotent" time="0.616" /><testcase classname="tests.test_iteration10_deletion_admin_regression.TestAuthUserFlow" name="test_points_endpoint" time="0.358" /><testcase classname="tests.test_iteration10_deletion_admin_regression.TestRazorpay" name="test_verify_bad_signature_rejected" time="1.250" /><testcase classname="tests.test_iteration10_deletion_admin_regression.TestAuthUserFlow" name="test_review_post" time="0.891" /><testcase classname="tests.test_iteration10_deletion_admin_regression.TestDeleteAccount" name="test_admin_cannot_self_delete" time="0.365" /><testcase classname="tests.test_iteration10_deletion_admin_regression.TestDeleteAccount" name="test_full_cleanup_and_order_anonymisation" time="2.085" /><testcase classname="tests.test_iteration10_deletion_admin_regression.TestAdminSeed" name="test_admin_login_role" time="0.286" /><testcase classname="tests.test_iteration10_deletion_admin_regression.TestAdminSeed" name="test_admin_me_endpoint" time="0.223" /><testcase classname="tests.test_iteration10_delete_leak_probe" name="test_delete_purges_wishlist_and_points" time="0.579"><failure message="AssertionError: BUG: 1 wishlist doc(s) leaked after DELETE /api/auth/me. server.py:490 targets db.wishlists (plural) but the real collection is db.wishlist (singular).&#10;assert 1 == 0">E   AssertionError: BUG: 1 wishlist doc(s) leaked after DELETE /api/auth/me. server.py:490 targets db.wishlists (plural) but the real collection is db.wishlist (singular).
    assert 1 == 0</failure></testcase><testcase classname="tests.test_iteration10_deletion_admin_regression.TestAdminOrderStatusTransitions" name="test_admin_status_transitions" time="0.886" /></testsuite></testsuites>