<?xml version="1.0" encoding="utf-8"?><testsuites name="pytest tests"><testsuite name="pytest" errors="0" failures="0" skipped="0" tests="13" time="2.706" timestamp="2026-09-23T09:32:04.218732+00:00" hostname="agent-env-3e24c298-7a05-43d8-a9ec-89b3441b20a2"><testcase classname="tests.test_admin_phase2.TestCustomers" name="test_list_customers" time="0.899" /><testcase classname="tests.test_admin_phase2.TestInventoryStock" name="test_patch_stock_success" time="1.084" /><testcase classname="tests.test_admin_phase2.TestCustomers" name="test_customer_detail" time="0.322" /><testcase classname="tests.test_admin_phase2.TestInventoryStock" name="test_patch_stock_negative_400" time="0.139" /><testcase classname="tests.test_admin_phase2.TestCustomers" name="test_customer_detail_404" time="0.135" /><testcase classname="tests.test_admin_phase2.TestInventoryStock" name="test_patch_stock_missing_product_404" time="0.199" /><testcase classname="tests.test_admin_phase2.TestCustomers" name="test_customers_no_auth" time="0.117" /><testcase classname="tests.test_admin_phase2.TestInventoryStock" name="test_patch_stock_no_auth" time="0.131" /><testcase classname="tests.test_admin_phase2.TestReviews" name="test_list_reviews" time="0.131" /><testcase classname="tests.test_admin_phase2.TestCoupons" name="test_create_list_delete_coupon" time="0.709" /><testcase classname="tests.test_admin_phase2.TestReviews" name="test_delete_review_missing_404" time="0.113" /><testcase classname="tests.test_admin_phase2.TestReviews" name="test_reviews_no_auth" time="0.146" /><testcase classname="tests.test_admin_phase2.TestCoupons" name="test_coupons_no_auth" time="0.135" /></testsuite></testsuites>