<?xml version="1.0" encoding="utf-8"?><testsuites name="pytest tests"><testsuite name="pytest" errors="0" failures="0" skipped="0" tests="33" time="3.716" timestamp="2026-07-28T11:50:22.127793+00:00" hostname="agent-env-3e24c298-7a05-43d8-a9ec-89b3441b20a2"><testcase classname="tests.test_garlic_backend.TestProducts" name="test_list_products" time="0.251" /><testcase classname="tests.test_garlic_backend.TestProducts" name="test_filter_by_category_dining" time="0.256" /><testcase classname="tests.test_garlic_backend.TestProducts" name="test_filter_subcategory_cups" time="0.046" /><testcase classname="tests.test_garlic_backend.TestAuth" name="test_signup_and_me" time="0.556" /><testcase classname="tests.test_garlic_backend.TestProducts" name="test_filter_collection_modern_minimalist" time="0.043" /><testcase classname="tests.test_garlic_backend.TestAuth" name="test_signup_duplicate" time="0.089" /><testcase classname="tests.test_garlic_backend.TestProducts" name="test_filter_gift_person_women" time="0.042" /><testcase classname="tests.test_garlic_backend.TestProducts" name="test_filter_gift_occasion_anniversary" time="0.045" /><testcase classname="tests.test_garlic_backend.TestAuth" name="test_login_by_email" time="0.314" /><testcase classname="tests.test_garlic_backend.TestProducts" name="test_filter_featured" time="0.233" /><testcase classname="tests.test_garlic_backend.TestProducts" name="test_get_single_product_has_new_fields" time="0.306" /><testcase classname="tests.test_garlic_backend.TestAuth" name="test_login_by_mobile" time="0.309" /><testcase classname="tests.test_garlic_backend.TestProducts" name="test_get_product_404" time="0.084" /><testcase classname="tests.test_garlic_backend.TestAuth" name="test_login_wrong_password" time="0.269" /><testcase classname="tests.test_garlic_backend.TestAuth" name="test_me_no_token" time="0.221" /><testcase classname="tests.test_garlic_backend.TestAdminEditorials" name="test_admin_list_editorials" time="0.491" /><testcase classname="tests.test_garlic_backend.TestAuth" name="test_admin_login" time="0.267" /><testcase classname="tests.test_garlic_backend.TestCategories" name="test_list_categories" time="0.223" /><testcase classname="tests.test_garlic_backend.TestAdminEditorials" name="test_admin_editorials_forbidden_for_user" time="0.490" /><testcase classname="tests.test_garlic_backend.TestCategories" name="test_get_dining" time="0.044" /><testcase classname="tests.test_garlic_backend.TestAdminEditorials" name="test_admin_update_editorial" time="0.181" /><testcase classname="tests.test_garlic_backend.TestCategories" name="test_get_nonexistent" time="0.045" /><testcase classname="tests.test_garlic_backend.TestCollectionsGifting" name="test_collections" time="0.042" /><testcase classname="tests.test_garlic_backend.TestCollectionsGifting" name="test_gift_persons" time="0.083" /><testcase classname="tests.test_garlic_backend.TestCollectionsGifting" name="test_gift_occasions" time="0.086" /><testcase classname="tests.test_garlic_backend.TestAdminEditorials" name="test_admin_update_editorial_404" time="0.047" /><testcase classname="tests.test_garlic_backend.TestAdminCRUD" name="test_create_requires_admin" time="0.084" /><testcase classname="tests.test_garlic_backend.TestOrdersAndPayment" name="test_full_order_flow" time="0.456" /><testcase classname="tests.test_garlic_backend.TestAdminCRUD" name="test_admin_full_crud_new_fields" time="0.430" /><testcase classname="tests.test_garlic_backend.TestOrdersAndPayment" name="test_orders_require_auth" time="0.083" /><testcase classname="tests.test_garlic_backend.TestHealth" name="test_root" time="0.043" /><testcase classname="tests.test_garlic_backend.TestWishlist" name="test_toggle_and_get" time="0.263" /><testcase classname="tests.test_garlic_backend.TestEditorialsPublic" name="test_list_active" time="0.043" /></testsuite></testsuites>