<?xml version="1.0" encoding="utf-8"?><testsuites name="pytest tests"><testsuite name="pytest" errors="0" failures="0" skipped="0" tests="14" time="3.693" timestamp="2026-07-29T16:40:11.873757+00:00" hostname="agent-env-3e24c298-7a05-43d8-a9ec-89b3441b20a2"><testcase classname="tests.test_iteration7_razorpay.TestRegression" name="test_products_list" time="0.506" /><testcase classname="tests.test_iteration7_razorpay.TestRegression" name="test_categories" time="0.069" /><testcase classname="tests.test_iteration7_razorpay.TestRazorpayFlow" name="test_create_order_returns_real_razorpay_order" time="1.430" /><testcase classname="tests.test_iteration7_razorpay.TestRegression" name="test_editorials" time="0.875" /><testcase classname="tests.test_iteration7_razorpay.TestRazorpayFlow" name="test_get_order_reflects_razorpay_id" time="0.057" /><testcase classname="tests.test_iteration7_razorpay.TestRazorpayFlow" name="test_checkout_html_contains_expected_bits" time="0.237" /><testcase classname="tests.test_iteration7_razorpay.TestRazorpayFlow" name="test_checkout_404_for_unknown_order" time="0.054" /><testcase classname="tests.test_iteration7_razorpay.TestRazorpayFlow" name="test_verify_missing_fields_returns_400" time="0.190" /><testcase classname="tests.test_iteration7_razorpay.TestRegression" name="test_post_review_still_works" time="0.445" /><testcase classname="tests.test_iteration7_razorpay.TestRegression" name="test_mock_pay_still_works_for_legacy_orders" time="0.504" /><testcase classname="tests.test_iteration7_razorpay.TestRazorpayFlow" name="test_verify_wrong_signature_returns_400" time="0.269" /><testcase classname="tests.test_iteration7_razorpay.TestRazorpayFlow" name="test_verify_correct_signature_marks_paid_and_awards_points" time="0.483" /><testcase classname="tests.test_iteration7_razorpay.TestRazorpayFlow" name="test_verify_is_idempotent_on_second_call" time="0.508" /><testcase classname="tests.test_iteration7_razorpay.TestRegression" name="test_admin_status_transition_guardrails_still_active" time="0.957" /></testsuite></testsuites>